<?xml version="1.0" encoding="UTF-8"?><testsuite errors="0" failures="1" name="Yo como usuario quiero agregar productos al carrito de compras y validar el total a pagar" skipped="0" tests="1" time="43.66" timestamp="2022-12-13 05:09:40"><testcase name="Seleccionar y agregar los productos al carrito de compras"><failure message="&#10;Expected: an element that is visible&#10;     but: no matching element found by xpath: (//div[@class='shop_now_slider'])[1]" type="java.lang.AssertionError">
Expected: an element that is visible
     but: no matching element found by xpath: (//div[@class='shop_now_slider'])[1]</failure><system-err>
Expected: an element that is visible
     but: no matching element found by xpath: (//div[@class='shop_now_slider'])[1]&#13;
co.com.tevolvers.certification.reto.tasks.AgregarProducto.performAs(AgregarProducto.java:29)&#13;
co.com.tevolvers.certification.reto.stepdefinitions.ComprarProductoStepDefinition.elUsuarioSeleccionaLosProductosYAgregarVariasCantidades(ComprarProductoStepDefinition.java:43)&#13;
cucumber.runner.Runner.runPickle(Runner.java:80)&#13;
worker.org.gradle.process.internal.worker.GradleWorkerMain.run(GradleWorkerMain.java:69)&#13;
worker.org.gradle.process.internal.worker.GradleWorkerMain.main(GradleWorkerMain.java:74)&#13;
</system-err></testcase></testsuite>